app/build/outputs/logs/manifest-merger-debug-report.txt
-- Merging decision tree log ---
manifest
ADDED from src\main\AndroidManifest.xml:2:1-70:12
	xmlns:android
		ADDED from src\main\AndroidManifest.xml:2:11-69
	package
		ADDED from src\main\AndroidManifest.xml:3:5-49
		INJECTED from src\main\AndroidManifest.xml
		INJECTED from src\main\AndroidManifest.xml
	android:versionName
		ADDED from src\main\AndroidManifest.xml:5:5-30
		INJECTED from src\main\AndroidManifest.xml
		INJECTED from src\main\AndroidManifest.xml
	android:versionCode
		ADDED from src\main\AndroidManifest.xml:4:5-28
		INJECTED from src\main\AndroidManifest.xml
		INJECTED from src\main\AndroidManifest.xml
uses-permission#android.permission.sec.MDM_ENTERPRISE_CONTAINER
ADDED from src\main\AndroidManifest.xml:7:5-87
	android:name
		ADDED from src\main\AndroidManifest.xml:7:22-84
uses-permission#android.permission.sec.MDM_APP_MGMT
ADDED from src\main\AndroidManifest.xml:8:5-75
	android:name
		ADDED from src\main\AndroidManifest.xml:8:22-72
uses-permission#com.android.launcher.permission.INSTALL_SHORTCUT
ADDED from src\main\AndroidManifest.xml:9:5-88
	android:name
		ADDED from src\main\AndroidManifest.xml:9:22-85
uses-permission#android.permission.sec.MDM_KIOSK_MODE
ADDED from src\main\AndroidManifest.xml:10:5-77
	android:name
		ADDED from src\main\AndroidManifest.xml:10:22-74
uses-sdk
ADDED from src\main\AndroidManifest.xml:12:5-14:41
	android:targetSdkVersion
		ADDED from src\main\AndroidManifest.xml:14:9-38
		INJECTED from src\main\AndroidManifest.xml
		INJECTED from src\main\AndroidManifest.xml
	android:minSdkVersion
		ADDED from src\main\AndroidManifest.xml:13:9-35
		INJECTED from src\main\AndroidManifest.xml
		INJECTED from src\main\AndroidManifest.xml
application
ADDED from src\main\AndroidManifest.xml:16:5-68:19
	android:label
		ADDED from src\main\AndroidManifest.xml:20:9-41
	android:allowBackup
		ADDED from src\main\AndroidManifest.xml:18:9-35
	android:icon
		ADDED from src\main\AndroidManifest.xml:19:9-45
	android:theme
		ADDED from src\main\AndroidManifest.xml:21:9-45
	android:name
		ADDED from src\main\AndroidManifest.xml:17:9-72
activity#com.samsung.knox.samples.kioskmode.ui.AdminLicenseActivationActivity
ADDED from src\main\AndroidManifest.xml:22:9-30:20
	android:label
		ADDED from src\main\AndroidManifest.xml:24:13-45
	android:name
		ADDED from src\main\AndroidManifest.xml:23:13-96
intent-filter#android.intent.action.MAIN+android.intent.category.LAUNCHER
ADDED from src\main\AndroidManifest.xml:25:13-29:29
action#android.intent.action.MAIN
ADDED from src\main\AndroidManifest.xml:26:17-69
	android:name
		ADDED from src\main\AndroidManifest.xml:26:25-66
category#android.intent.category.LAUNCHER
ADDED from src\main\AndroidManifest.xml:28:17-77
	android:name
		ADDED from src\main\AndroidManifest.xml:28:27-74
receiver#com.samsung.knox.samples.kioskmode.receivers.DeviceAdministrator
ADDED from src\main\AndroidManifest.xml:32:9-44:20
	android:permission
		ADDED from src\main\AndroidManifest.xml:34:13-70
	android:name
		ADDED from src\main\AndroidManifest.xml:33:13-92
meta-data#android.app.device_admin
ADDED from src\main\AndroidManifest.xml:35:13-37:67
	android:resource
		ADDED from src\main\AndroidManifest.xml:37:17-64
	android:name
		ADDED from src\main\AndroidManifest.xml:36:17-56
intent-filter#android.app.action.DEVICE_ADMIN_DISABLED+android.app.action.DEVICE_ADMIN_DISABLE_REQUESTED+android.app.action.DEVICE_ADMIN_ENABLED
ADDED from src\main\AndroidManifest.xml:39:13-43:29
action#android.app.action.DEVICE_ADMIN_ENABLED
ADDED from src\main\AndroidManifest.xml:40:17-82
	android:name
		ADDED from src\main\AndroidManifest.xml:40:25-79
action#android.app.action.DEVICE_ADMIN_DISABLED
ADDED from src\main\AndroidManifest.xml:41:17-83
	android:name
		ADDED from src\main\AndroidManifest.xml:41:25-80
action#android.app.action.DEVICE_ADMIN_DISABLE_REQUESTED
ADDED from src\main\AndroidManifest.xml:42:17-92
	android:name
		ADDED from src\main\AndroidManifest.xml:42:25-89
receiver#com.samsung.knox.samples.kioskmode.receivers.LicenseReceiver
ADDED from src\main\AndroidManifest.xml:45:9-50:20
	android:name
		ADDED from src\main\AndroidManifest.xml:45:19-94
intent-filter#edm.intent.action.knox_license.status+edm.intent.action.license.status
ADDED from src\main\AndroidManifest.xml:46:13-49:29
action#edm.intent.action.license.status
ADDED from src\main\AndroidManifest.xml:47:17-75
	android:name
		ADDED from src\main\AndroidManifest.xml:47:25-72
action#edm.intent.action.knox_license.status
ADDED from src\main\AndroidManifest.xml:48:17-80
	android:name
		ADDED from src\main\AndroidManifest.xml:48:25-77
receiver#com.samsung.knox.samples.kioskmode.receivers.KIOSKReceiver
ADDED from src\main\AndroidManifest.xml:51:9-56:20
	android:name
		ADDED from src\main\AndroidManifest.xml:51:19-92
intent-filter#edm.intent.action.disable.kiosk.mode.result+edm.intent.action.enable.kiosk.mode.result
ADDED from src\main\AndroidManifest.xml:52:13-55:29
action#edm.intent.action.disable.kiosk.mode.result
ADDED from src\main\AndroidManifest.xml:53:17-86
	android:name
		ADDED from src\main\AndroidManifest.xml:53:25-83
action#edm.intent.action.enable.kiosk.mode.result
ADDED from src\main\AndroidManifest.xml:54:17-85
	android:name
		ADDED from src\main\AndroidManifest.xml:54:25-82
activity#com.samsung.knox.samples.kioskmode.ui.MainActivity
ADDED from src\main\AndroidManifest.xml:58:9-62:20
	android:windowSoftInputMode
		ADDED from src\main\AndroidManifest.xml:61:13-52
	android:label
		ADDED from src\main\AndroidManifest.xml:60:13-56
	android:name
		ADDED from src\main\AndroidManifest.xml:59:13-78
activity#com.samsung.knox.samples.kioskmode.ui.AboutActivity
ADDED from src\main\AndroidManifest.xml:63:9-67:20
	android:label
		ADDED from src\main\AndroidManifest.xml:65:13-49
	android:parentActivityName
		ADDED from src\main\AndroidManifest.xml:66:13-110
	android:name
		ADDED from src\main\AndroidManifest.xml:64:13-79